<?xml version="1.0" encoding="UTF-8"?>
<testsuite name="com.wirebarley.transfer.api.controller.AccountControllerTest" tests="6" skipped="0" failures="0" errors="0" timestamp="2025-11-07T13:48:55.510Z" hostname="DESKTOP-GL1DR3R" time="1.743">
  <properties/>
  <testcase name="신규 계좌 A를 생성한다" classname="com.wirebarley.transfer.api.controller.AccountControllerTest" time="1.387"/>
  <testcase name="신규 계좌 B를 생성한다" classname="com.wirebarley.transfer.api.controller.AccountControllerTest" time="0.044"/>
  <testcase name="계좌 A에서 계좌 B로 30000원을 이체한다 (성공)" classname="com.wirebarley.transfer.api.controller.AccountControllerTest" time="0.162"/>
  <testcase name="계좌 A에서 10000원을 출금한다 (성공)" classname="com.wirebarley.transfer.api.controller.AccountControllerTest" time="0.042"/>
  <testcase name="계좌 A의 거래 내역을 조회한다 (총 3건)" classname="com.wirebarley.transfer.api.controller.AccountControllerTest" time="0.074"/>
  <testcase name="계좌 A 삭제 시 잔액이 남아있어 실패한다 (400 Bad Request)" classname="com.wirebarley.transfer.api.controller.AccountControllerTest" time="0.03"/>
  <system-out><![CDATA[22:48:51.788 [Test worker] INFO org.springframework.test.context.support.AnnotationConfigContextLoaderUtils -- Could not detect default configuration classes for test class [com.wirebarley.transfer.api.controller.AccountControllerTest]: AccountControllerTest does not declare any static, non-private, non-final, nested classes annotated with @Configuration.
22:48:51.869 [Test worker] INFO org.springframework.boot.test.context.SpringBootTestContextBootstrapper -- Found @SpringBootConfiguration com.wirebarley.transfer.TransferServiceApplication for test class com.wirebarley.transfer.api.controller.AccountControllerTest
  .   ____          _            __ _ _
 /\\ / ___'_ __ _ _(_)_ __  __ _ \ \ \ \
( ( )\___ | '_ | '_| | '_ \/ _` | \ \ \ \
 \\/  ___)| |_)| | | | | || (_| |  ) ) ) )
  '  |____| .__|_| |_|_| |_\__, | / / / /
 =========|_|==============|___/=/_/_/_/

 :: Spring Boot ::                (v3.3.0)

2025-11-07T22:48:52.107+09:00  INFO 47724 --- [    Test worker] c.w.t.a.c.AccountControllerTest          : Starting AccountControllerTest using Java 17.0.11 with PID 47724 (started by user in D:\IntelliJ\workspace\transfer-service\bootstrap)
2025-11-07T22:48:52.108+09:00  INFO 47724 --- [    Test worker] c.w.t.a.c.AccountControllerTest          : No active profile set, falling back to 1 default profile: "default"
2025-11-07T22:48:52.554+09:00  INFO 47724 --- [    Test worker] .s.d.r.c.RepositoryConfigurationDelegate : Bootstrapping Spring Data JPA repositories in DEFAULT mode.
2025-11-07T22:48:52.577+09:00  INFO 47724 --- [    Test worker] .s.d.r.c.RepositoryConfigurationDelegate : Finished Spring Data repository scanning in 18 ms. Found 2 JPA repository interfaces.
2025-11-07T22:48:53.058+09:00  INFO 47724 --- [    Test worker] o.s.b.w.embedded.tomcat.TomcatWebServer  : Tomcat initialized with port 0 (http)
2025-11-07T22:48:53.066+09:00  INFO 47724 --- [    Test worker] o.apache.catalina.core.StandardService   : Starting service [Tomcat]
2025-11-07T22:48:53.067+09:00  INFO 47724 --- [    Test worker] o.apache.catalina.core.StandardEngine    : Starting Servlet engine: [Apache Tomcat/10.1.24]
2025-11-07T22:48:53.132+09:00  INFO 47724 --- [    Test worker] o.a.c.c.C.[Tomcat].[localhost].[/]       : Initializing Spring embedded WebApplicationContext
2025-11-07T22:48:53.133+09:00  INFO 47724 --- [    Test worker] w.s.c.ServletWebServerApplicationContext : Root WebApplicationContext: initialization completed in 851 ms
2025-11-07T22:48:53.254+09:00  INFO 47724 --- [    Test worker] o.hibernate.jpa.internal.util.LogHelper  : HHH000204: Processing PersistenceUnitInfo [name: default]
2025-11-07T22:48:53.350+09:00  INFO 47724 --- [    Test worker] org.hibernate.Version                    : HHH000412: Hibernate ORM core version 6.5.2.Final
2025-11-07T22:48:53.392+09:00  INFO 47724 --- [    Test worker] o.h.c.internal.RegionFactoryInitiator    : HHH000026: Second-level cache disabled
2025-11-07T22:48:53.569+09:00  INFO 47724 --- [    Test worker] o.s.o.j.p.SpringPersistenceUnitInfo      : No LoadTimeWeaver setup: ignoring JPA class transformer
2025-11-07T22:48:53.580+09:00  INFO 47724 --- [    Test worker] com.zaxxer.hikari.HikariDataSource       : HikariPool-1 - Starting...
2025-11-07T22:48:53.661+09:00  INFO 47724 --- [    Test worker] com.zaxxer.hikari.pool.HikariPool        : HikariPool-1 - Added connection org.postgresql.jdbc.PgConnection@48aaaed9
2025-11-07T22:48:53.661+09:00  INFO 47724 --- [    Test worker] com.zaxxer.hikari.HikariDataSource       : HikariPool-1 - Start completed.
2025-11-07T22:48:54.163+09:00  INFO 47724 --- [    Test worker] o.h.e.t.j.p.i.JtaPlatformInitiator       : HHH000489: No JTA platform available (set 'hibernate.transaction.jta.platform' to enable JTA platform integration)
2025-11-07T22:48:54.199+09:00  INFO 47724 --- [    Test worker] j.LocalContainerEntityManagerFactoryBean : Initialized JPA EntityManagerFactory for persistence unit 'default'
2025-11-07T22:48:54.364+09:00  INFO 47724 --- [    Test worker] o.s.d.j.r.query.QueryEnhancerFactory     : Hibernate is in classpath; If applicable, HQL parser will be used.
2025-11-07T22:48:54.797+09:00  WARN 47724 --- [    Test worker] JpaBaseConfiguration$JpaWebConfiguration : spring.jpa.open-in-view is enabled by default. Therefore, database queries may be performed during view rendering. Explicitly configure spring.jpa.open-in-view to disable this warning
2025-11-07T22:48:55.491+09:00  INFO 47724 --- [    Test worker] o.s.b.w.embedded.tomcat.TomcatWebServer  : Tomcat started on port 2501 (http) with context path '/'
2025-11-07T22:48:55.503+09:00  INFO 47724 --- [    Test worker] c.w.t.a.c.AccountControllerTest          : Started AccountControllerTest in 3.566 seconds (process running for 4.281)
2025-11-07T22:48:56.357+09:00  INFO 47724 --- [o-auto-1-exec-1] o.a.c.c.C.[Tomcat].[localhost].[/]       : Initializing Spring DispatcherServlet 'dispatcherServlet'
2025-11-07T22:48:56.359+09:00  INFO 47724 --- [o-auto-1-exec-1] o.s.web.servlet.DispatcherServlet        : Initializing Servlet 'dispatcherServlet'
2025-11-07T22:48:56.359+09:00  INFO 47724 --- [o-auto-1-exec-1] o.s.web.servlet.DispatcherServlet        : Completed initialization in 0 ms
Hibernate: 
    select
        ae1_0.id 
    from
        accounts ae1_0 
    where
        ae1_0.account_number=? 
    fetch
        first ? rows only
Hibernate: 
    insert 
    into
        accounts
        (account_number, balance, created_at, owner_name, password_hash, salt, status, updated_at) 
    values
        (?, ?, ?, ?, ?, ?, ?, ?) 
    returning id
Hibernate: 
    insert 
    into
        transaction_history
        (account_id, amount, counterparty_account_id, fee, transacted_at, type) 
    values
        (?, ?, ?, ?, ?, ?) 
    returning id
2025-11-07T22:48:56.512+09:00  INFO 47724 --- [o-auto-1-exec-1] c.w.t.a.service.impl.AccountServiceImpl  : 새 계좌 생성: 110-538-462900
User A 계좌번호: 110-538-462900
Hibernate: 
    select
        ae1_0.id 
    from
        accounts ae1_0 
    where
        ae1_0.account_number=? 
    fetch
        first ? rows only
Hibernate: 
    insert 
    into
        accounts
        (account_number, balance, created_at, owner_name, password_hash, salt, status, updated_at) 
    values
        (?, ?, ?, ?, ?, ?, ?, ?) 
    returning id
Hibernate: 
    insert 
    into
        transaction_history
        (account_id, amount, counterparty_account_id, fee, transacted_at, type) 
    values
        (?, ?, ?, ?, ?, ?) 
    returning id
2025-11-07T22:48:56.925+09:00  INFO 47724 --- [o-auto-1-exec-2] c.w.t.a.service.impl.AccountServiceImpl  : 새 계좌 생성: 110-270-508334
User B 계좌번호: 110-270-508334
Hibernate: 
    select
        ae1_0.id,
        ae1_0.account_number,
        ae1_0.balance,
        ae1_0.created_at,
        ae1_0.owner_name,
        ae1_0.password_hash,
        ae1_0.salt,
        ae1_0.status,
        ae1_0.updated_at 
    from
        accounts ae1_0 
    where
        ae1_0.account_number=? 
        and ae1_0.status=?
Hibernate: 
    select
        ae1_0.id,
        ae1_0.account_number,
        ae1_0.balance,
        ae1_0.created_at,
        ae1_0.owner_name,
        ae1_0.password_hash,
        ae1_0.salt,
        ae1_0.status,
        ae1_0.updated_at 
    from
        accounts ae1_0 
    where
        ae1_0.account_number=? 
        and ae1_0.status=?
Hibernate: 
    select
        ae1_0.id,
        ae1_0.account_number,
        ae1_0.balance,
        ae1_0.created_at,
        ae1_0.owner_name,
        ae1_0.password_hash,
        ae1_0.salt,
        ae1_0.status,
        ae1_0.updated_at 
    from
        accounts ae1_0 
    where
        ae1_0.account_number=? 
        and ae1_0.status=?
Hibernate: 
    select
        ae1_0.id,
        ae1_0.account_number,
        ae1_0.balance,
        ae1_0.created_at,
        ae1_0.owner_name,
        ae1_0.password_hash,
        ae1_0.salt,
        ae1_0.status,
        ae1_0.updated_at 
    from
        accounts ae1_0 
    where
        ae1_0.account_number=? 
        and ae1_0.status=?
Hibernate: 
    select
        thje1_0.id,
        thje1_0.account_id,
        thje1_0.amount,
        thje1_0.counterparty_account_id,
        thje1_0.fee,
        thje1_0.transacted_at,
        thje1_0.type 
    from
        transaction_history thje1_0 
    where
        thje1_0.account_id=? 
        and thje1_0.type=? 
        and thje1_0.transacted_at>?
Hibernate: 
    select
        ae1_0.id,
        ae1_0.account_number,
        ae1_0.balance,
        ae1_0.created_at,
        ae1_0.owner_name,
        ae1_0.password_hash,
        ae1_0.salt,
        ae1_0.status,
        ae1_0.updated_at 
    from
        accounts ae1_0 
    where
        ae1_0.id=? 
        and ae1_0.status=? for no key update
Hibernate: 
    select
        ae1_0.id,
        ae1_0.account_number,
        ae1_0.balance,
        ae1_0.created_at,
        ae1_0.owner_name,
        ae1_0.password_hash,
        ae1_0.salt,
        ae1_0.status,
        ae1_0.updated_at 
    from
        accounts ae1_0 
    where
        ae1_0.id=? 
        and ae1_0.status=? for no key update
Hibernate: 
    insert 
    into
        transaction_history
        (account_id, amount, counterparty_account_id, fee, transacted_at, type) 
    values
        (?, ?, ?, ?, ?, ?) 
    returning id
Hibernate: 
    insert 
    into
        transaction_history
        (account_id, amount, counterparty_account_id, fee, transacted_at, type) 
    values
        (?, ?, ?, ?, ?, ?) 
    returning id
2025-11-07T22:48:57.043+09:00  INFO 47724 --- [o-auto-1-exec-8] c.w.t.a.service.impl.AccountServiceImpl  : 송금 성공: 110-538-462900 -> 110-270-508334 (원금: 30000, 수수료: 300)
Hibernate: 
    update
        accounts 
    set
        account_number=?,
        balance=?,
        owner_name=?,
        password_hash=?,
        salt=?,
        status=?,
        updated_at=? 
    where
        id=?
Hibernate: 
    update
        accounts 
    set
        account_number=?,
        balance=?,
        owner_name=?,
        password_hash=?,
        salt=?,
        status=?,
        updated_at=? 
    where
        id=?
Hibernate: 
    select
        ae1_0.id,
        ae1_0.account_number,
        ae1_0.balance,
        ae1_0.created_at,
        ae1_0.owner_name,
        ae1_0.password_hash,
        ae1_0.salt,
        ae1_0.status,
        ae1_0.updated_at 
    from
        accounts ae1_0 
    where
        ae1_0.account_number=? 
        and ae1_0.status=?
Hibernate: 
    select
        ae1_0.id,
        ae1_0.account_number,
        ae1_0.balance,
        ae1_0.created_at,
        ae1_0.owner_name,
        ae1_0.password_hash,
        ae1_0.salt,
        ae1_0.status,
        ae1_0.updated_at 
    from
        accounts ae1_0 
    where
        ae1_0.account_number=? 
        and ae1_0.status=?
Hibernate: 
    select
        ae1_0.id,
        ae1_0.account_number,
        ae1_0.balance,
        ae1_0.created_at,
        ae1_0.owner_name,
        ae1_0.password_hash,
        ae1_0.salt,
        ae1_0.status,
        ae1_0.updated_at 
    from
        accounts ae1_0 
    where
        ae1_0.account_number=? 
        and ae1_0.status=?
Hibernate: 
    select
        thje1_0.id,
        thje1_0.account_id,
        thje1_0.amount,
        thje1_0.counterparty_account_id,
        thje1_0.fee,
        thje1_0.transacted_at,
        thje1_0.type 
    from
        transaction_history thje1_0 
    where
        thje1_0.account_id=? 
        and thje1_0.type=? 
        and thje1_0.transacted_at>?
Hibernate: 
    select
        ae1_0.id,
        ae1_0.account_number,
        ae1_0.balance,
        ae1_0.created_at,
        ae1_0.owner_name,
        ae1_0.password_hash,
        ae1_0.salt,
        ae1_0.status,
        ae1_0.updated_at 
    from
        accounts ae1_0 
    where
        ae1_0.id=? 
        and ae1_0.status=? for no key update
Hibernate: 
    insert 
    into
        transaction_history
        (account_id, amount, counterparty_account_id, fee, transacted_at, type) 
    values
        (?, ?, ?, ?, ?, ?) 
    returning id
2025-11-07T22:48:57.130+09:00  INFO 47724 --- [o-auto-1-exec-9] c.w.t.a.service.impl.AccountServiceImpl  : 출금 성공: 110-538-462900 (10000원)
Hibernate: 
    update
        accounts 
    set
        account_number=?,
        balance=?,
        owner_name=?,
        password_hash=?,
        salt=?,
        status=?,
        updated_at=? 
    where
        id=?
Hibernate: 
    select
        ae1_0.id,
        ae1_0.account_number,
        ae1_0.balance,
        ae1_0.created_at,
        ae1_0.owner_name,
        ae1_0.password_hash,
        ae1_0.salt,
        ae1_0.status,
        ae1_0.updated_at 
    from
        accounts ae1_0 
    where
        ae1_0.account_number=? 
        and ae1_0.status=?
Hibernate: 
    select
        thje1_0.id,
        thje1_0.account_id,
        thje1_0.amount,
        thje1_0.counterparty_account_id,
        thje1_0.fee,
        thje1_0.transacted_at,
        thje1_0.type 
    from
        transaction_history thje1_0 
    where
        thje1_0.account_id=? 
    order by
        thje1_0.transacted_at desc
Hibernate: 
    select
        ae1_0.id,
        ae1_0.account_number,
        ae1_0.balance,
        ae1_0.created_at,
        ae1_0.owner_name,
        ae1_0.password_hash,
        ae1_0.salt,
        ae1_0.status,
        ae1_0.updated_at 
    from
        accounts ae1_0 
    where
        ae1_0.id=?
Hibernate: 
    select
        ae1_0.id,
        ae1_0.account_number,
        ae1_0.balance,
        ae1_0.created_at,
        ae1_0.owner_name,
        ae1_0.password_hash,
        ae1_0.salt,
        ae1_0.status,
        ae1_0.updated_at 
    from
        accounts ae1_0 
    where
        ae1_0.account_number=? 
        and ae1_0.status=?
2025-11-07T22:48:57.243+09:00  WARN 47724 --- [o-auto-1-exec-6] c.w.t.a.e.GlobalExceptionHandler         : BusinessException occurred: BALANCE_NOT_ZERO - 잔액이 0원이 아닌 계좌는 삭제할 수 없습니다.
]]></system-out>
  <system-err><![CDATA[]]></system-err>
</testsuite>
